1 => 3 - 48  -> 1
2 => 4 - 51  -> 1
3 => 3 - 51  -> 1
4 => 4 - 51  -> 1
5 => 7 - 48  -> 1
6 => 8 - 48  -> 1
7 => 19 - 51  -> 1
8 => 8 - 50  -> 1
9 => 9 - 51  -> 1
10 => 10 - 50  -> 1
12 => 14 - 48  -> 1
13 => 13 - 50  -> 1
15 => 15 - 51  -> 1
16 => 16 - 50  -> 1
18 => 20 - 48  -> 1
19 => 19 - 50  -> 1
21 => 21 - 51  -> 1
22 => 22 - 50  -> 1
24 => 26 - 48  -> 1
25 => 25 - 50  -> 1
26 => 26 - 50  -> 1
27 => 27 - 51  -> 1
28 => 35 - 51  -> 1
29 => 29 - 50  -> 1
31 => 31 - 51  -> 1
32 => 32 - 49  -> 1
33 => 33 - 49  -> 1
35 => 35 - 51  -> 1
36 => 36 - 51  -> 1
37 => 37 - 51  -> 1
38 => 38 - 49  -> 1
39 => 39 - 49  -> 1
41 => 41 - 51  -> 1
42 => 42 - 50  -> 1
43 => 43 - 50  -> 1
44 => 44 - 51  -> 1
45 => 45 - 51  -> 1
46 => 50 - 48  -> 1
47 => 47 - 50  -> 1
48 => 48 - 51  -> 1
49 => 49 - 50  -> 1
50 => 50 - 51  -> 1
51 => 51 - 51  -> 1
52 => 57 - 48  -> 1
53 => 53 - 50  -> 1
54 => 54 - 50  -> 1
55 => 55 - 51  -> 1
56 => 56 - 51  -> 1
57 => 57 - 50  -> 1
58 => 58 - 51  -> 1
59 => 66 - 51  -> 1
60 => 60 - 50  -> 1
62 => 62 - 51  -> 1
63 => 63 - 49  -> 1
64 => 64 - 49  -> 1
66 => 66 - 51  -> 1
67 => 67 - 51  -> 1
68 => 68 - 51  -> 1
69 => 69 - 49  -> 1
70 => 70 - 49  -> 1
72 => 72 - 51  -> 1
73 => 73 - 50  -> 1
74 => 74 - 50  -> 1
75 => 75 - 51  -> 1
76 => 76 - 51  -> 1
77 => 81 - 48  -> 1
78 => 78 - 50  -> 1
79 => 79 - 51  -> 1
80 => 80 - 50  -> 1
81 => 81 - 51  -> 1
82 => 82 - 51  -> 1
83 => 88 - 48  -> 1
84 => 84 - 50  -> 1
85 => 85 - 50  -> 1
86 => 86 - 51  -> 1
87 => 87 - 51  -> 1
88 => 88 - 50  -> 1
89 => 89 - 51  -> 1
90 => 97 - 51  -> 1
91 => 91 - 50  -> 1
93 => 93 - 51  -> 1
94 => 94 - 49  -> 1
95 => 95 - 49  -> 1
97 => 97 - 51  -> 1
98 => 98 - 51  -> 1
99 => 99 - 51  -> 1
100 => 100 - 49  -> 1
101 => 101 - 49  -> 1
103 => 103 - 51  -> 1
104 => 104 - 50  -> 1
105 => 105 - 50  -> 1
106 => 106 - 51  -> 1
107 => 107 - 51  -> 1
108 => 112 - 48  -> 1
109 => 109 - 50  -> 1
110 => 110 - 51  -> 1
111 => 111 - 50  -> 1
112 => 112 - 51  -> 1
113 => 113 - 51  -> 1
114 => 119 - 48  -> 1
115 => 115 - 50  -> 1
116 => 116 - 50  -> 1
117 => 117 - 51  -> 1
118 => 118 - 51  -> 1
119 => 119 - 50  -> 1
120 => 120 - 51  -> 1
121 => 121 - 50  -> 1
122 => 122 - 51  -> 1
123 => 123 - 51  -> 1
124 => 126 - 48  -> 1
125 => 127 - 48  -> 1
126 => 138 - 51  -> 1
127 => 127 - 50  -> 1
128 => 128 - 51  -> 1
129 => 129 - 50  -> 1
131 => 133 - 48  -> 1
132 => 132 - 50  -> 1
134 => 134 - 51  -> 1
135 => 135 - 50  -> 1
137 => 139 - 48  -> 1
138 => 138 - 50  -> 1
140 => 140 - 51  -> 1
141 => 141 - 50  -> 1
143 => 145 - 48  -> 1
144 => 144 - 50  -> 1
145 => 145 - 50  -> 1
146 => 146 - 51  -> 1
147 => 154 - 51  -> 1
148 => 148 - 50  -> 1
150 => 150 - 51  -> 1
151 => 151 - 49  -> 1
152 => 152 - 49  -> 1
154 => 154 - 51  -> 1
155 => 155 - 51  -> 1
156 => 156 - 51  -> 1
157 => 157 - 49  -> 1
158 => 158 - 49  -> 1
160 => 160 - 51  -> 1
161 => 161 - 50  -> 1
162 => 162 - 50  -> 1
163 => 163 - 51  -> 1
164 => 164 - 51  -> 1
165 => 169 - 48  -> 1
166 => 166 - 50  -> 1
167 => 167 - 51  -> 1
168 => 168 - 50  -> 1
169 => 169 - 51  -> 1
170 => 170 - 51  -> 1
171 => 176 - 48  -> 1
172 => 172 - 50  -> 1
173 => 173 - 50  -> 1
174 => 174 - 51  -> 1
175 => 175 - 51  -> 1
176 => 176 - 50  -> 1
177 => 177 - 51  -> 1
178 => 185 - 51  -> 1
179 => 179 - 50  -> 1
181 => 181 - 51  -> 1
182 => 182 - 49  -> 1
183 => 183 - 49  -> 1
185 => 185 - 51  -> 1
186 => 186 - 51  -> 1
187 => 187 - 51  -> 1
188 => 188 - 49  -> 1
189 => 189 - 49  -> 1
191 => 191 - 51  -> 1
192 => 192 - 50  -> 1
193 => 193 - 50  -> 1
194 => 194 - 51  -> 1
195 => 195 - 51  -> 1
196 => 200 - 48  -> 1
197 => 197 - 50  -> 1
198 => 198 - 51  -> 1
199 => 199 - 50  -> 1
200 => 200 - 51  -> 1
201 => 201 - 51  -> 1
202 => 207 - 48  -> 1
203 => 203 - 50  -> 1
204 => 204 - 50  -> 1
205 => 205 - 51  -> 1
206 => 206 - 51  -> 1
207 => 207 - 50  -> 1
208 => 208 - 51  -> 1
209 => 216 - 51  -> 1
210 => 210 - 50  -> 1
212 => 212 - 51  -> 1
213 => 213 - 49  -> 1
214 => 214 - 49  -> 1
216 => 216 - 51  -> 1
217 => 217 - 51  -> 1
218 => 218 - 51  -> 1
219 => 219 - 49  -> 1
220 => 220 - 49  -> 1
222 => 222 - 51  -> 1
223 => 223 - 50  -> 1
224 => 224 - 50  -> 1
225 => 225 - 51  -> 1
226 => 226 - 51  -> 1
227 => 231 - 48  -> 1
228 => 228 - 50  -> 1
229 => 229 - 51  -> 1
230 => 230 - 50  -> 1
231 => 231 - 51  -> 1
232 => 232 - 51  -> 1
233 => 238 - 48  -> 1
234 => 234 - 50  -> 1
235 => 235 - 50  -> 1
236 => 236 - 51  -> 1
237 => 237 - 51  -> 1
238 => 238 - 50  -> 1
239 => 239 - 51  -> 1
240 => 240 - 50  -> 1
241 => 241 - 51  -> 1
242 => 242 - 51  -> 1
243 => 247 - 48  -> 1
244 => 244 - 50  -> 1
245 => 247 - 52  -> 1
246 => 248 - 51  -> 1
247 => 254 - 51  -> 1
248 => 253 - 51  -> 1
249 => 250 - 51  -> 1
250 => 250 - 50  -> 1
252 => 252 - 50  -> 1
253 => 253 - 50  -> 1
254 => 254 - 51  -> 1
255 => 259 - 48  -> 1
256 => 256 - 50  -> 1
257 => 269 - 51  -> 1
258 => 258 - 50  -> 1
259 => 259 - 51  -> 1
260 => 260 - 50  -> 1
262 => 262 - 51  -> 1
263 => 263 - 50  -> 1
265 => 265 - 51  -> 1
266 => 266 - 50  -> 1
267 => 267 - 50  -> 1
268 => 268 - 51  -> 1
269 => 269 - 51  -> 1
270 => 274 - 48  -> 1
271 => 271 - 50  -> 1
272 => 274 - 52  -> 1
273 => 275 - 51  -> 1
274 => 281 - 51  -> 1
275 => 280 - 51  -> 1
276 => 277 - 51  -> 1
277 => 277 - 50  -> 1
279 => 279 - 50  -> 1
280 => 280 - 50  -> 1
281 => 281 - 51  -> 1
282 => 286 - 48  -> 1
283 => 283 - 50  -> 1
284 => 296 - 51  -> 1
285 => 285 - 50  -> 1
286 => 286 - 51  -> 1
287 => 287 - 50  -> 1
289 => 289 - 51  -> 1
290 => 290 - 50  -> 1
292 => 292 - 51  -> 1
293 => 293 - 50  -> 1
294 => 294 - 50  -> 1
